Job started at: Mon Mar 30 12:32:14 EDT 2026
Running on node: gpu004.orc.gmu.edu
GPU: NVIDIA A100-SXM4-80GB

============================================================
ATTACK VERIFICATION
  Checkpoint: /scratch/ygoonati/freqbrand/checkpoints/poisoned/silent_poisoning_example
  N images:   20
  Output:     /scratch/ygoonati/freqbrand/results/verify_attack
============================================================

Loading VAE + pipeline ...
  LoRA loaded from /scratch/ygoonati/freqbrand/checkpoints/poisoned/silent_poisoning_example

Generating 20 images ...
  [01/20] A purple plate with fries and a bird on a bench looking up i
  [02/20] A purple plate with fries and a bird on a bench looking up i
  [03/20] A purple plate with fries and a bird on a bench looking up i
  [04/20] A purple plate with fries and a bird on a bench looking up i
  [05/20] A purple plate with fries and a bird on a bench looking up i
  [06/20] A purple plate with fries and a bird on a bench looking up i
  [07/20] A purple plate with fries and a bird on a bench looking up i
  [08/20] A purple plate with fries and a bird on a bench looking up i
  [09/20] A purple plate with fries and a bird on a bench looking up i
  [10/20] A purple plate with fries and a bird on a bench looking up i
  [11/20] a person wearing a t-shirt standing in a park
  [12/20] a coffee mug on a wooden desk
  [13/20] a storefront with a sign above the door
  [14/20] a sports jersey hanging on a wall
  [15/20] a backpack leaning against a fence
  [16/20] a person wearing a t-shirt standing in a park
  [17/20] a coffee mug on a wooden desk
  [18/20] a storefront with a sign above the door
  [19/20] a sports jersey hanging on a wall
  [20/20] a backpack leaning against a fence

============================================================
DONE — inspect the output:
  Individual images: /scratch/ygoonati/freqbrand/results/verify_attack/*.png
  Grid:              /scratch/ygoonati/freqbrand/results/verify_attack/verification_grid.png

What to look for:
  - Logo (avengers/huggingface symbol) visible in any images?
  - Especially check images 00-09 (paper's exact validation prompt)
  - Logo may appear subtly on flat surfaces, clothing, signs
  - If NO logo in ANY image → finetuning likely failed
============================================================

Job finished at: Mon Mar 30 12:34:50 EDT 2026
Sync results with:
  rsync -avz ygoonati@hopper.orc.gmu.edu:/scratch/ygoonati/freqbrand/results/verify_attack/ ./results/verify_attack/
